<?xml version='1.0'?>
<!DOCTYPE foo [
  <!ENTITY js 'EcmaScript'>
  <!ENTITY short ''>
  <!ENTITY logo SYSTEM 'images/logo.gif' NDATA gif>
  <!ENTITY % lists 'ul, ol'>
  <!ENTITY % MathML SYSTEM './mathml3.dtd'>
  <!-- %MathML; -->
  <?above should have been a PEreference?>
  <!ELEMENT foo (bar)+>
  <!ELEMENT bar (#PCDATA)>
  <!ELEMENT empty EMPTY>
  <!ELEMENT any ANY>
  <!ELEMENT parent (empty)>
  <!ELEMENT fruit (apple+ | orange?)>
  <!ELEMENT fruits (apple , orange)>
  <!ATTLIST fruit fruitID ID #REQUIRED>
  <!ATTLIST foo publisher CDATA #IMPLIED>
  <!ATTLIST foo reseller CDATA #FIXED 'MyStore'>
  <!ATTLIST foo ISBN ID #REQUIRED>
  <!ATTLIST foo inPrint (yes | no) 'yes'>
  <!ATTLIST apple lang NOTATION (vrml) #REQUIRED>
]>
<foo>
  <bar/>
</foo>
